Job started on d008 at Thu Apr  4 16:55:40 EDT 2024
      Step     Time          Energy         fmax
BFGS:    0 16:55:44       53.950381      455.2086
BFGS:    1 16:55:44        8.696987      102.1469
BFGS:    2 16:55:44        4.461868       65.9113
BFGS:    3 16:55:44        0.438147       28.5603
BFGS:    4 16:55:44       -0.906986       14.0035
BFGS:    5 16:55:44       -1.491794        6.0034
BFGS:    6 16:55:44       -1.671026        2.3782
BFGS:    7 16:55:44       -1.713907        0.7251
BFGS:    8 16:55:44       -1.719151        0.1410
BFGS:    9 16:55:44       -1.719375        0.0112
BFGS:   10 16:55:44       -1.719376        0.0002
/home/mphuthi/.conda/envs/asimtools/lib/python3.9/site-packages/ase/io/extxyz.py:1000: UserWarning: write_xyz() overwriting array "forces" present in atoms.arrays with stored results from calculator
  warnings.warn('write_xyz() overwriting array "{0}" present '
/home/mphuthi/.conda/envs/asimtools/lib/python3.9/site-packages/ase/io/extxyz.py:1000: UserWarning: write_xyz() overwriting array "stresses" present in atoms.arrays with stored results from calculator
  warnings.warn('write_xyz() overwriting array "{0}" present '
/home/mphuthi/.conda/envs/asimtools/lib/python3.9/site-packages/ase/io/extxyz.py:1000: UserWarning: write_xyz() overwriting array "energies" present in atoms.arrays with stored results from calculator
  warnings.warn('write_xyz() overwriting array "{0}" present '
Job ended at Thu Apr  4 16:55:44 EDT 2024
